<?xml version="1.0" encoding="UTF-8"?>
<!-- Generated by org.testng.reporters.JUnitReportReporter -->
<testsuite hostname="DESKTOP-3558PD8" failures="0" tests="4" name="com.suitecrm.testcases.LoginPageTest" time="3.242" errors="0" timestamp="2025-07-13T16:12:55 IST" skipped="0">
  <testcase classname="com.suitecrm.testcases.LoginPageTest" name="verifyLogoTest" time="2.916"/>
  <testcase classname="com.suitecrm.testcases.LoginPageTest" name="verifyURLTest" time="0.020"/>
  <testcase classname="com.suitecrm.testcases.LoginPageTest" name="verifyTitleTest" time="0.014"/>
  <testcase classname="com.suitecrm.testcases.LoginPageTest" name="loginTest" time="0.292"/>
</testsuite> <!-- com.suitecrm.testcases.LoginPageTest -->
