<?xml version="1.0" encoding="UTF-8"?>
<!-- Generated by org.testng.reporters.JUnitReportReporter -->
<testsuite hostname="DESKTOP-3558PD8" failures="0" tests="3" name="com.suitecrm.testcases.LoginPageTestWithDataProvider" time="40.013" errors="0" timestamp="2025-07-25T20:33:45 IST" skipped="0">
  <testcase classname="com.suitecrm.testcases.LoginPageTestWithDataProvider" name="loginTestd" time="6.003"/>
  <testcase classname="com.suitecrm.testcases.LoginPageTestWithDataProvider" name="loginTestd" time="20.546"/>
  <testcase classname="com.suitecrm.testcases.LoginPageTestWithDataProvider" name="loginTestd" time="13.464"/>
</testsuite> <!-- com.suitecrm.testcases.LoginPageTestWithDataProvider -->
