<?xml version="1.0" encoding="UTF-8"?>
<!-- Generated by org.testng.reporters.JUnitReportReporter -->
<testsuite hostname="DESKTOP-3558PD8" failures="0" tests="4" name="com.suitecrm.testcases.LoginPageTest" time="2.173" errors="0" timestamp="2025-07-13T16:38:01 IST" skipped="0">
  <testcase classname="com.suitecrm.testcases.LoginPageTest" name="verifyLogoTest" time="1.995"/>
  <testcase classname="com.suitecrm.testcases.LoginPageTest" name="verifyURLTest" time="0.008"/>
  <testcase classname="com.suitecrm.testcases.LoginPageTest" name="verifyTitleTest" time="0.008"/>
  <testcase classname="com.suitecrm.testcases.LoginPageTest" name="loginTest" time="0.162"/>
</testsuite> <!-- com.suitecrm.testcases.LoginPageTest -->
